<?xml version="1.0" encoding="UTF-8"?>
<!-- Generated by org.testng.reporters.JUnitXMLReporter -->
<testsuite hostname="DESKTOP-STD4F8R" ignored="0" name="Test" tests="8" failures="0" timestamp="2021-06-28T21:47:48 IST" time="55.169" errors="0">
  <testcase name="setUp" time="50.494" classname="ParallelExecution.Class1"/>
  <testcase name="setUp" time="50.492" classname="ParallelExecution.Class3"/>
  <testcase name="setUp" time="50.492" classname="ParallelExecution.Class2"/>
  <testcase name="setUp" time="50.492" classname="ParallelExecution.Class4"/>
  <testcase name="tearDown" time="3.633" classname="ParallelExecution.Class1"/>
  <testcase name="tearDown" time="3.626" classname="ParallelExecution.Class2"/>
  <testcase name="tearDown" time="4.402" classname="ParallelExecution.Class3"/>
  <testcase name="tearDown" time="4.444" classname="ParallelExecution.Class4"/>
</testsuite> <!-- Test -->
